# JRE version: Java(TM) SE Runtime Environment (8.0_161-b12) (build 1.8.0_161-b12)
# Java VM: Java HotSpot(TM) 64-Bit Server VM (25.161-b12 mixed mode windows-amd64 compressed oops)
Heap:
 PSYoungGen      total 142848K, used 2961K [0x00000000d5f80000, 0x00000000df580000, 0x0000000100000000)
  eden space 132608K, 2% used [0x00000000d5f80000,0x00000000d6264720,0x00000000de100000)
  from space 10240K, 0% used [0x00000000de100000,0x00000000de100000,0x00000000deb00000)
  to   space 9728K, 0% used [0x00000000deb00000,0x00000000deb00000,0x00000000df480000)
 ParOldGen       total 59904K, used 17815K [0x0000000081e00000, 0x0000000085880000, 0x00000000d5f80000)
  object space 59904K, 29% used [0x0000000081e00000,0x0000000082f65e30,0x0000000085880000)
 Metaspace       used 33548K, capacity 34866K, committed 35584K, reserved 1087488K
  class space    used 4688K, capacity 4937K, committed 5120K, reserved 1048576K
GC Heap History (10 events):
Event: 13.689 GC heap before
{Heap before GC invocations=21 (full 6):
 PSYoungGen      total 142848K, used 832K [0x00000000d5f80000, 0x00000000df580000, 0x0000000100000000)
  eden space 132608K, 0% used [0x00000000d5f80000,0x00000000d5f80000,0x00000000de100000)
  from space 10240K, 8% used [0x00000000de100000,0x00000000de1d0000,0x00000000deb00000)
  to   space 9728K, 0% used [0x00000000deb00000,0x00000000deb00000,0x00000000df480000)
 ParOldGen       total 59904K, used 21755K [0x0000000081e00000, 0x0000000085880000, 0x00000000d5f80000)
  object space 59904K, 36% used [0x0000000081e00000,0x000000008333ecf0,0x0000000085880000)
 Metaspace       used 33763K, capacity 35194K, committed 35328K, reserved 1089536K
  class space    used 4721K, capacity 5007K, committed 5120K, reserved 1048576K
Event: 13.857 GC heap after
Heap after GC invocations=21 (full 6):
 PSYoungGen      total 142848K, used 0K [0x00000000d5f80000, 0x00000000df580000, 0x0000000100000000)
  eden space 132608K, 0% used [0x00000000d5f80000,0x00000000d5f80000,0x00000000de100000)
  from space 10240K, 0% used [0x00000000de100000,0x00000000de100000,0x00000000deb00000)
  to   space 9728K, 0% used [0x00000000deb00000,0x00000000deb00000,0x00000000df480000)
 ParOldGen       total 59904K, used 22424K [0x0000000081e00000, 0x0000000085880000, 0x00000000d5f80000)
  object space 59904K, 37% used [0x0000000081e00000,0x00000000833e6260,0x0000000085880000)
 Metaspace       used 33763K, capacity 35194K, committed 35328K, reserved 1085440K
  class space    used 4721K, capacity 5007K, committed 5120K, reserved 1048576K
}
Event: 13.858 GC heap before
{Heap before GC invocations=22 (full 6):
 PSYoungGen      total 142848K, used 0K [0x00000000d5f80000, 0x00000000df580000, 0x0000000100000000)
  eden space 132608K, 0% used [0x00000000d5f80000,0x00000000d5f80000,0x00000000de100000)
  from space 10240K, 0% used [0x00000000de100000,0x00000000de100000,0x00000000deb00000)
  to   space 9728K, 0% used [0x00000000deb00000,0x00000000deb00000,0x00000000df480000)
 ParOldGen       total 59904K, used 22424K [0x0000000081e00000, 0x0000000085880000, 0x00000000d5f80000)
  object space 59904K, 37% used [0x0000000081e00000,0x00000000833e6260,0x0000000085880000)
 Metaspace       used 33763K, capacity 35194K, committed 35328K, reserved 1089536K
  class space    used 4721K, capacity 5007K, committed 5120K, reserved 1048576K
Event: 13.859 GC heap after
Heap after GC invocations=22 (full 6):
 PSYoungGen      total 142336K, used 0K [0x00000000d5f80000, 0x00000000df580000, 0x0000000100000000)
  eden space 132608K, 0% used [0x00000000d5f80000,0x00000000d5f80000,0x00000000de100000)
  from space 9728K, 0% used [0x00000000deb00000,0x00000000deb00000,0x00000000df480000)
  to   space 10240K, 0% used [0x00000000de100000,0x00000000de100000,0x00000000deb00000)
 ParOldGen       total 59904K, used 22424K [0x0000000081e00000, 0x0000000085880000, 0x00000000d5f80000)
  object space 59904K, 37% used [0x0000000081e00000,0x00000000833e6260,0x0000000085880000)
 Metaspace       used 33763K, capacity 35194K, committed 35328K, reserved 1089536K
  class space    used 4721K, capacity 5007K, committed 5120K, reserved 1048576K
}
Event: 13.859 GC heap before
{Heap before GC invocations=23 (full 7):
 PSYoungGen      total 142336K, used 0K [0x00000000d5f80000, 0x00000000df580000, 0x0000000100000000)
  eden space 132608K, 0% used [0x00000000d5f80000,0x00000000d5f80000,0x00000000de100000)
  from space 9728K, 0% used [0x00000000deb00000,0x00000000deb00000,0x00000000df480000)
  to   space 10240K, 0% used [0x00000000de100000,0x00000000de100000,0x00000000deb00000)
 ParOldGen       total 59904K, used 22424K [0x0000000081e00000, 0x0000000085880000, 0x00000000d5f80000)
  object space 59904K, 37% used [0x0000000081e00000,0x00000000833e6260,0x0000000085880000)
 Metaspace       used 33763K, capacity 35194K, committed 35328K, reserved 1089536K
  class space    used 4721K, capacity 5007K, committed 5120K, reserved 1048576K
Event: 13.901 GC heap after
Heap after GC invocations=23 (full 7):
 PSYoungGen      total 142336K, used 0K [0x00000000d5f80000, 0x00000000df580000, 0x0000000100000000)
  eden space 132608K, 0% used [0x00000000d5f80000,0x00000000d5f80000,0x00000000de100000)
  from space 9728K, 0% used [0x00000000deb00000,0x00000000deb00000,0x00000000df480000)
  to   space 10240K, 0% used [0x00000000de100000,0x00000000de100000,0x00000000deb00000)
 ParOldGen       total 59904K, used 22208K [0x0000000081e00000, 0x0000000085880000, 0x00000000d5f80000)
  object space 59904K, 37% used [0x0000000081e00000,0x00000000833b03b8,0x0000000085880000)
 Metaspace       used 33763K, capacity 35194K, committed 35328K, reserved 1085440K
  class space    used 4721K, capacity 5007K, committed 5120K, reserved 1048576K
}
Event: 13.901 GC heap before
{Heap before GC invocations=24 (full 7):
 PSYoungGen      total 142336K, used 0K [0x00000000d5f80000, 0x00000000df580000, 0x0000000100000000)
  eden space 132608K, 0% used [0x00000000d5f80000,0x00000000d5f80000,0x00000000de100000)
  from space 9728K, 0% used [0x00000000deb00000,0x00000000deb00000,0x00000000df480000)
  to   space 10240K, 0% used [0x00000000de100000,0x00000000de100000,0x00000000deb00000)
 ParOldGen       total 59904K, used 22208K [0x0000000081e00000, 0x0000000085880000, 0x00000000d5f80000)
  object space 59904K, 37% used [0x0000000081e00000,0x00000000833b03b8,0x0000000085880000)
 Metaspace       used 33763K, capacity 35194K, committed 35328K, reserved 1089536K
  class space    used 4721K, capacity 5007K, committed 5120K, reserved 1048576K
Event: 13.903 GC heap after
Heap after GC invocations=24 (full 7):
 PSYoungGen      total 142848K, used 0K [0x00000000d5f80000, 0x00000000df580000, 0x0000000100000000)
  eden space 132608K, 0% used [0x00000000d5f80000,0x00000000d5f80000,0x00000000de100000)
  from space 10240K, 0% used [0x00000000de100000,0x00000000de100000,0x00000000deb00000)
  to   space 9728K, 0% used [0x00000000deb00000,0x00000000deb00000,0x00000000df480000)
 ParOldGen       total 59904K, used 22208K [0x0000000081e00000, 0x0000000085880000, 0x00000000d5f80000)
  object space 59904K, 37% used [0x0000000081e00000,0x00000000833b03b8,0x0000000085880000)
 Metaspace       used 33763K, capacity 35194K, committed 35328K, reserved 1089536K
  class space    used 4721K, capacity 5007K, committed 5120K, reserved 1048576K
}
Event: 13.903 GC heap before
{Heap before GC invocations=25 (full 8):
 PSYoungGen      total 142848K, used 0K [0x00000000d5f80000, 0x00000000df580000, 0x0000000100000000)
  eden space 132608K, 0% used [0x00000000d5f80000,0x00000000d5f80000,0x00000000de100000)
  from space 10240K, 0% used [0x00000000de100000,0x00000000de100000,0x00000000deb00000)
  to   space 9728K, 0% used [0x00000000deb00000,0x00000000deb00000,0x00000000df480000)
 ParOldGen       total 59904K, used 22208K [0x0000000081e00000, 0x0000000085880000, 0x00000000d5f80000)
  object space 59904K, 37% used [0x0000000081e00000,0x00000000833b03b8,0x0000000085880000)
 Metaspace       used 33763K, capacity 35194K, committed 35328K, reserved 1089536K
  class space    used 4721K, capacity 5007K, committed 5120K, reserved 1048576K
Event: 14.040 GC heap after
Heap after GC invocations=25 (full 8):
 PSYoungGen      total 142848K, used 0K [0x00000000d5f80000, 0x00000000df580000, 0x0000000100000000)
  eden space 132608K, 0% used [0x00000000d5f80000,0x00000000d5f80000,0x00000000de100000)
  from space 10240K, 0% used [0x00000000de100000,0x00000000de100000,0x00000000deb00000)
  to   space 9728K, 0% used [0x00000000deb00000,0x00000000deb00000,0x00000000df480000)
 ParOldGen       total 59904K, used 17815K [0x0000000081e00000, 0x0000000085880000, 0x00000000d5f80000)
  object space 59904K, 29% used [0x0000000081e00000,0x0000000082f65e30,0x0000000085880000)
 Metaspace       used 33471K, capacity 34724K, committed 35328K, reserved 1085440K
  class space    used 4675K, capacity 4924K, committed 5120K, reserved 1048576K
}

