# JRE version: Java(TM) SE Runtime Environment (8.0_161-b12) (build 1.8.0_161-b12)
# Java VM: Java HotSpot(TM) 64-Bit Server VM (25.161-b12 mixed mode windows-amd64 compressed oops)
Heap:
 PSYoungGen      total 330240K, used 6992K [0x00000000d5f80000, 0x00000000eba00000, 0x0000000100000000)
  eden space 320000K, 2% used [0x00000000d5f80000,0x00000000d6654088,0x00000000e9800000)
  from space 10240K, 0% used [0x00000000eb000000,0x00000000eb000000,0x00000000eba00000)
  to   space 15872K, 0% used [0x00000000e9b00000,0x00000000e9b00000,0x00000000eaa80000)
 ParOldGen       total 147456K, used 53206K [0x0000000081e00000, 0x000000008ae00000, 0x00000000d5f80000)
  object space 147456K, 36% used [0x0000000081e00000,0x00000000851f5a58,0x000000008ae00000)
 Metaspace       used 70186K, capacity 72910K, committed 72984K, reserved 1116160K
  class space    used 9738K, capacity 10258K, committed 10280K, reserved 1048576K
GC Heap History (10 events):
Event: 40.336 GC heap before
{Heap before GC invocations=20 (full 3):
 PSYoungGen      total 291840K, used 12425K [0x00000000d5f80000, 0x00000000ebf80000, 0x0000000100000000)
  eden space 277504K, 0% used [0x00000000d5f80000,0x00000000d5f80000,0x00000000e6e80000)
  from space 14336K, 86% used [0x00000000e6e80000,0x00000000e7aa2658,0x00000000e7c80000)
  to   space 15872K, 0% used [0x00000000eb000000,0x00000000eb000000,0x00000000ebf80000)
 ParOldGen       total 96256K, used 33981K [0x0000000081e00000, 0x0000000087c00000, 0x00000000d5f80000)
  object space 96256K, 35% used [0x0000000081e00000,0x0000000083f2f740,0x0000000087c00000)
 Metaspace       used 57002K, capacity 59070K, committed 59160K, reserved 1099776K
  class space    used 7791K, capacity 8213K, committed 8232K, reserved 1048576K
Event: 40.787 GC heap after
Heap after GC invocations=20 (full 3):
 PSYoungGen      total 291840K, used 0K [0x00000000d5f80000, 0x00000000ebf80000, 0x0000000100000000)
  eden space 277504K, 0% used [0x00000000d5f80000,0x00000000d5f80000,0x00000000e6e80000)
  from space 14336K, 0% used [0x00000000e6e80000,0x00000000e6e80000,0x00000000e7c80000)
  to   space 15872K, 0% used [0x00000000eb000000,0x00000000eb000000,0x00000000ebf80000)
 ParOldGen       total 147456K, used 44213K [0x0000000081e00000, 0x000000008ae00000, 0x00000000d5f80000)
  object space 147456K, 29% used [0x0000000081e00000,0x000000008492d5a0,0x000000008ae00000)
 Metaspace       used 57002K, capacity 59070K, committed 59160K, reserved 1099776K
  class space    used 7791K, capacity 8213K, committed 8232K, reserved 1048576K
}
Event: 43.810 GC heap before
{Heap before GC invocations=21 (full 3):
 PSYoungGen      total 291840K, used 277504K [0x00000000d5f80000, 0x00000000ebf80000, 0x0000000100000000)
  eden space 277504K, 100% used [0x00000000d5f80000,0x00000000e6e80000,0x00000000e6e80000)
  from space 14336K, 0% used [0x00000000e6e80000,0x00000000e6e80000,0x00000000e7c80000)
  to   space 15872K, 0% used [0x00000000eb000000,0x00000000eb000000,0x00000000ebf80000)
 ParOldGen       total 147456K, used 44213K [0x0000000081e00000, 0x000000008ae00000, 0x00000000d5f80000)
  object space 147456K, 29% used [0x0000000081e00000,0x000000008492d5a0,0x000000008ae00000)
 Metaspace       used 60641K, capacity 62966K, committed 63128K, reserved 1103872K
  class space    used 8313K, capacity 8763K, committed 8872K, reserved 1048576K
Event: 43.855 GC heap after
Heap after GC invocations=21 (full 3):
 PSYoungGen      total 330240K, used 10075K [0x00000000d5f80000, 0x00000000eba00000, 0x0000000100000000)
  eden space 320000K, 0% used [0x00000000d5f80000,0x00000000d5f80000,0x00000000e9800000)
  from space 10240K, 98% used [0x00000000eb000000,0x00000000eb9d6dc0,0x00000000eba00000)
  to   space 15872K, 0% used [0x00000000e9b00000,0x00000000e9b00000,0x00000000eaa80000)
 ParOldGen       total 147456K, used 44221K [0x0000000081e00000, 0x000000008ae00000, 0x00000000d5f80000)
  object space 147456K, 29% used [0x0000000081e00000,0x000000008492f5a0,0x000000008ae00000)
 Metaspace       used 60641K, capacity 62966K, committed 63128K, reserved 1103872K
  class space    used 8313K, capacity 8763K, committed 8872K, reserved 1048576K
}
Event: 48.421 GC heap before
{Heap before GC invocations=22 (full 3):
 PSYoungGen      total 330240K, used 330075K [0x00000000d5f80000, 0x00000000eba00000, 0x0000000100000000)
  eden space 320000K, 100% used [0x00000000d5f80000,0x00000000e9800000,0x00000000e9800000)
  from space 10240K, 98% used [0x00000000eb000000,0x00000000eb9d6dc0,0x00000000eba00000)
  to   space 15872K, 0% used [0x00000000e9b00000,0x00000000e9b00000,0x00000000eaa80000)
 ParOldGen       total 147456K, used 44221K [0x0000000081e00000, 0x000000008ae00000, 0x00000000d5f80000)
  object space 147456K, 29% used [0x0000000081e00000,0x000000008492f5a0,0x000000008ae00000)
 Metaspace       used 65652K, capacity 68254K, committed 68504K, reserved 1107968K
  class space    used 9081K, capacity 9571K, committed 9640K, reserved 1048576K
Event: 48.475 GC heap after
Heap after GC invocations=22 (full 3):
 PSYoungGen      total 335872K, used 15862K [0x00000000d5f80000, 0x00000000eba00000, 0x0000000100000000)
  eden space 320000K, 0% used [0x00000000d5f80000,0x00000000d5f80000,0x00000000e9800000)
  from space 15872K, 99% used [0x00000000e9b00000,0x00000000eaa7d8a0,0x00000000eaa80000)
  to   space 10240K, 0% used [0x00000000eb000000,0x00000000eb000000,0x00000000eba00000)
 ParOldGen       total 147456K, used 45024K [0x0000000081e00000, 0x000000008ae00000, 0x00000000d5f80000)
  object space 147456K, 30% used [0x0000000081e00000,0x00000000849f81f0,0x000000008ae00000)
 Metaspace       used 65652K, capacity 68254K, committed 68504K, reserved 1107968K
  class space    used 9081K, capacity 9571K, committed 9640K, reserved 1048576K
}
Event: 51.004 GC heap before
{Heap before GC invocations=23 (full 3):
 PSYoungGen      total 335872K, used 250038K [0x00000000d5f80000, 0x00000000eba00000, 0x0000000100000000)
  eden space 320000K, 73% used [0x00000000d5f80000,0x00000000e44301d8,0x00000000e9800000)
  from space 15872K, 99% used [0x00000000e9b00000,0x00000000eaa7d8a0,0x00000000eaa80000)
  to   space 10240K, 0% used [0x00000000eb000000,0x00000000eb000000,0x00000000eba00000)
 ParOldGen       total 147456K, used 45024K [0x0000000081e00000, 0x000000008ae00000, 0x00000000d5f80000)
  object space 147456K, 30% used [0x0000000081e00000,0x00000000849f81f0,0x000000008ae00000)
 Metaspace       used 69941K, capacity 72622K, committed 72728K, reserved 1116160K
  class space    used 9717K, capacity 10226K, committed 10280K, reserved 1048576K
Event: 51.041 GC heap after
Heap after GC invocations=23 (full 3):
 PSYoungGen      total 330240K, used 10235K [0x00000000d5f80000, 0x00000000eba00000, 0x0000000100000000)
  eden space 320000K, 0% used [0x00000000d5f80000,0x00000000d5f80000,0x00000000e9800000)
  from space 10240K, 99% used [0x00000000eb000000,0x00000000eb9fef30,0x00000000eba00000)
  to   space 15872K, 0% used [0x00000000e9b00000,0x00000000e9b00000,0x00000000eaa80000)
 ParOldGen       total 147456K, used 57917K [0x0000000081e00000, 0x000000008ae00000, 0x00000000d5f80000)
  object space 147456K, 39% used [0x0000000081e00000,0x000000008568f5f0,0x000000008ae00000)
 Metaspace       used 69941K, capacity 72622K, committed 72728K, reserved 1116160K
  class space    used 9717K, capacity 10226K, committed 10280K, reserved 1048576K
}
Event: 51.041 GC heap before
{Heap before GC invocations=24 (full 4):
 PSYoungGen      total 330240K, used 10235K [0x00000000d5f80000, 0x00000000eba00000, 0x0000000100000000)
  eden space 320000K, 0% used [0x00000000d5f80000,0x00000000d5f80000,0x00000000e9800000)
  from space 10240K, 99% used [0x00000000eb000000,0x00000000eb9fef30,0x00000000eba00000)
  to   space 15872K, 0% used [0x00000000e9b00000,0x00000000e9b00000,0x00000000eaa80000)
 ParOldGen       total 147456K, used 57917K [0x0000000081e00000, 0x000000008ae00000, 0x00000000d5f80000)
  object space 147456K, 39% used [0x0000000081e00000,0x000000008568f5f0,0x000000008ae00000)
 Metaspace       used 69941K, capacity 72622K, committed 72728K, reserved 1116160K
  class space    used 9717K, capacity 10226K, committed 10280K, reserved 1048576K
Event: 52.833 GC heap after
Heap after GC invocations=24 (full 4):
 PSYoungGen      total 330240K, used 0K [0x00000000d5f80000, 0x00000000eba00000, 0x0000000100000000)
  eden space 320000K, 0% used [0x00000000d5f80000,0x00000000d5f80000,0x00000000e9800000)
  from space 10240K, 0% used [0x00000000eb000000,0x00000000eb000000,0x00000000eba00000)
  to   space 15872K, 0% used [0x00000000e9b00000,0x00000000e9b00000,0x00000000eaa80000)
 ParOldGen       total 147456K, used 53206K [0x0000000081e00000, 0x000000008ae00000, 0x00000000d5f80000)
  object space 147456K, 36% used [0x0000000081e00000,0x00000000851f5a58,0x000000008ae00000)
 Metaspace       used 69941K, capacity 72622K, committed 72728K, reserved 1114112K
  class space    used 9717K, capacity 10226K, committed 10280K, reserved 1048576K
}

